# JRE version: OpenJDK Runtime Environment (8.0_131-b11) (build 1.8.0_131-8u131-b11-0ubuntu1.16.04.2-b11)
# Java VM: OpenJDK 64-Bit Server VM (25.131-b11 mixed mode linux-amd64 compressed oops)
Heap:
 PSYoungGen      total 54272K, used 2560K [0x00000000eb800000, 0x00000000efb00000, 0x0000000100000000)
  eden space 51712K, 0% used [0x00000000eb800000,0x00000000eb800000,0x00000000eea80000)
  from space 2560K, 100% used [0x00000000ef600000,0x00000000ef880000,0x00000000ef880000)
  to   space 2560K, 0% used [0x00000000ef880000,0x00000000ef880000,0x00000000efb00000)
 ParOldGen       total 93696K, used 92855K [0x00000000c2800000, 0x00000000c8380000, 0x00000000eb800000)
  object space 93696K, 99% used [0x00000000c2800000,0x00000000c82addb8,0x00000000c8380000)
 Metaspace       used 2604K, capacity 4494K, committed 4864K, reserved 1056768K
  class space    used 270K, capacity 386K, committed 512K, reserved 1048576K
GC Heap History (10 events):
Event: 0,847 GC heap after
Heap after GC invocations=1 (full 0):
 PSYoungGen      total 18432K, used 2544K [0x00000000eb800000, 0x00000000edc00000, 0x0000000100000000)
  eden space 15872K, 0% used [0x00000000eb800000,0x00000000eb800000,0x00000000ec780000)
  from space 2560K, 99% used [0x00000000ec780000,0x00000000ec9fc010,0x00000000eca00000)
  to   space 2560K, 0% used [0x00000000ed980000,0x00000000ed980000,0x00000000edc00000)
 ParOldGen       total 42496K, used 7576K [0x00000000c2800000, 0x00000000c5180000, 0x00000000eb800000)
  object space 42496K, 17% used [0x00000000c2800000,0x00000000c2f66000,0x00000000c5180000)
 Metaspace       used 2604K, capacity 4494K, committed 4864K, reserved 1056768K
  class space    used 270K, capacity 386K, committed 512K, reserved 1048576K
}
Event: 0,880 GC heap before
{Heap before GC invocations=2 (full 0):
 PSYoungGen      total 18432K, used 18416K [0x00000000eb800000, 0x00000000edc00000, 0x0000000100000000)
  eden space 15872K, 100% used [0x00000000eb800000,0x00000000ec780000,0x00000000ec780000)
  from space 2560K, 99% used [0x00000000ec780000,0x00000000ec9fc010,0x00000000eca00000)
  to   space 2560K, 0% used [0x00000000ed980000,0x00000000ed980000,0x00000000edc00000)
 ParOldGen       total 42496K, used 7576K [0x00000000c2800000, 0x00000000c5180000, 0x00000000eb800000)
  object space 42496K, 17% used [0x00000000c2800000,0x00000000c2f66000,0x00000000c5180000)
 Metaspace       used 2604K, capacity 4494K, committed 4864K, reserved 1056768K
  class space    used 270K, capacity 386K, committed 512K, reserved 1048576K
Event: 1,009 GC heap after
Heap after GC invocations=2 (full 0):
 PSYoungGen      total 34304K, used 2544K [0x00000000eb800000, 0x00000000edc00000, 0x0000000100000000)
  eden space 31744K, 0% used [0x00000000eb800000,0x00000000eb800000,0x00000000ed700000)
  from space 2560K, 99% used [0x00000000ed980000,0x00000000edbfc010,0x00000000edc00000)
  to   space 2560K, 0% used [0x00000000ed700000,0x00000000ed700000,0x00000000ed980000)
 ParOldGen       total 42496K, used 17912K [0x00000000c2800000, 0x00000000c5180000, 0x00000000eb800000)
  object space 42496K, 42% used [0x00000000c2800000,0x00000000c397e000,0x00000000c5180000)
 Metaspace       used 2604K, capacity 4494K, committed 4864K, reserved 1056768K
  class space    used 270K, capacity 386K, committed 512K, reserved 1048576K
}
Event: 1,083 GC heap before
{Heap before GC invocations=3 (full 0):
 PSYoungGen      total 34304K, used 34288K [0x00000000eb800000, 0x00000000edc00000, 0x0000000100000000)
  eden space 31744K, 100% used [0x00000000eb800000,0x00000000ed700000,0x00000000ed700000)
  from space 2560K, 99% used [0x00000000ed980000,0x00000000edbfc010,0x00000000edc00000)
  to   space 2560K, 0% used [0x00000000ed700000,0x00000000ed700000,0x00000000ed980000)
 ParOldGen       total 42496K, used 17912K [0x00000000c2800000, 0x00000000c5180000, 0x00000000eb800000)
  object space 42496K, 42% used [0x00000000c2800000,0x00000000c397e000,0x00000000c5180000)
 Metaspace       used 2604K, capacity 4494K, committed 4864K, reserved 1056768K
  class space    used 270K, capacity 386K, committed 512K, reserved 1048576K
Event: 1,325 GC heap after
Heap after GC invocations=3 (full 0):
 PSYoungGen      total 34304K, used 2560K [0x00000000eb800000, 0x00000000efb00000, 0x0000000100000000)
  eden space 31744K, 0% used [0x00000000eb800000,0x00000000eb800000,0x00000000ed700000)
  from space 2560K, 100% used [0x00000000ed700000,0x00000000ed980000,0x00000000ed980000)
  to   space 2560K, 0% used [0x00000000ef880000,0x00000000ef880000,0x00000000efb00000)
 ParOldGen       total 42496K, used 38496K [0x00000000c2800000, 0x00000000c5180000, 0x00000000eb800000)
  object space 42496K, 90% used [0x00000000c2800000,0x00000000c4d98000,0x00000000c5180000)
 Metaspace       used 2604K, capacity 4494K, committed 4864K, reserved 1056768K
  class space    used 270K, capacity 386K, committed 512K, reserved 1048576K
}
Event: 1,325 GC heap before
{Heap before GC invocations=4 (full 1):
 PSYoungGen      total 34304K, used 2560K [0x00000000eb800000, 0x00000000efb00000, 0x0000000100000000)
  eden space 31744K, 0% used [0x00000000eb800000,0x00000000eb800000,0x00000000ed700000)
  from space 2560K, 100% used [0x00000000ed700000,0x00000000ed980000,0x00000000ed980000)
  to   space 2560K, 0% used [0x00000000ef880000,0x00000000ef880000,0x00000000efb00000)
 ParOldGen       total 42496K, used 38496K [0x00000000c2800000, 0x00000000c5180000, 0x00000000eb800000)
  object space 42496K, 90% used [0x00000000c2800000,0x00000000c4d98000,0x00000000c5180000)
 Metaspace       used 2604K, capacity 4494K, committed 4864K, reserved 1056768K
  class space    used 270K, capacity 386K, committed 512K, reserved 1048576K
Event: 1,836 GC heap after
Heap after GC invocations=4 (full 1):
 PSYoungGen      total 34304K, used 0K [0x00000000eb800000, 0x00000000efb00000, 0x0000000100000000)
  eden space 31744K, 0% used [0x00000000eb800000,0x00000000eb800000,0x00000000ed700000)
  from space 2560K, 0% used [0x00000000ed700000,0x00000000ed700000,0x00000000ed980000)
  to   space 2560K, 0% used [0x00000000ef880000,0x00000000ef880000,0x00000000efb00000)
 ParOldGen       total 84480K, used 40847K [0x00000000c2800000, 0x00000000c7a80000, 0x00000000eb800000)
  object space 84480K, 48% used [0x00000000c2800000,0x00000000c4fe3db8,0x00000000c7a80000)
 Metaspace       used 2604K, capacity 4494K, committed 4864K, reserved 1056768K
  class space    used 270K, capacity 386K, committed 512K, reserved 1048576K
}
Event: 1,891 GC heap before
{Heap before GC invocations=5 (full 1):
 PSYoungGen      total 34304K, used 31744K [0x00000000eb800000, 0x00000000efb00000, 0x0000000100000000)
  eden space 31744K, 100% used [0x00000000eb800000,0x00000000ed700000,0x00000000ed700000)
  from space 2560K, 0% used [0x00000000ed700000,0x00000000ed700000,0x00000000ed980000)
  to   space 2560K, 0% used [0x00000000ef880000,0x00000000ef880000,0x00000000efb00000)
 ParOldGen       total 84480K, used 40847K [0x00000000c2800000, 0x00000000c7a80000, 0x00000000eb800000)
  object space 84480K, 48% used [0x00000000c2800000,0x00000000c4fe3db8,0x00000000c7a80000)
 Metaspace       used 2604K, capacity 4494K, committed 4864K, reserved 1056768K
  class space    used 270K, capacity 386K, committed 512K, reserved 1048576K
Event: 2,090 GC heap after
Heap after GC invocations=5 (full 1):
 PSYoungGen      total 54272K, used 2560K [0x00000000eb800000, 0x00000000efb00000, 0x0000000100000000)
  eden space 51712K, 0% used [0x00000000eb800000,0x00000000eb800000,0x00000000eea80000)
  from space 2560K, 100% used [0x00000000ef880000,0x00000000efb00000,0x00000000efb00000)
  to   space 2560K, 0% used [0x00000000ef600000,0x00000000ef600000,0x00000000ef880000)
 ParOldGen       total 84480K, used 59047K [0x00000000c2800000, 0x00000000c7a80000, 0x00000000eb800000)
  object space 84480K, 69% used [0x00000000c2800000,0x00000000c61a9db8,0x00000000c7a80000)
 Metaspace       used 2604K, capacity 4494K, committed 4864K, reserved 1056768K
  class space    used 270K, capacity 386K, committed 512K, reserved 1048576K
}
Event: 2,191 GC heap before
{Heap before GC invocations=6 (full 1):
 PSYoungGen      total 54272K, used 54272K [0x00000000eb800000, 0x00000000efb00000, 0x0000000100000000)
  eden space 51712K, 100% used [0x00000000eb800000,0x00000000eea80000,0x00000000eea80000)
  from space 2560K, 100% used [0x00000000ef880000,0x00000000efb00000,0x00000000efb00000)
  to   space 2560K, 0% used [0x00000000ef600000,0x00000000ef600000,0x00000000ef880000)
 ParOldGen       total 84480K, used 59047K [0x00000000c2800000, 0x00000000c7a80000, 0x00000000eb800000)
  object space 84480K, 69% used [0x00000000c2800000,0x00000000c61a9db8,0x00000000c7a80000)
 Metaspace       used 2604K, capacity 4494K, committed 4864K, reserved 1056768K
  class space    used 270K, capacity 386K, committed 512K, reserved 1048576K

